<?xml version="1.0" encoding="UTF-8"?>
<!-- Generated by org.testng.reporters.JUnitReportReporter -->
<testsuite hostname="DESKTOP-89C6F2A" failures="0" tests="1" name="testclass.FormsTest" time="4.037" errors="0" timestamp="18 Dec 2023 22:07:58 GMT" skipped="0">
  <testcase classname="testclass.FormsTest" name="FormsClick" time="4.037"/>
</testsuite> <!-- testclass.FormsTest -->
