<?xml version="1.0" encoding="UTF-8"?>
<!-- Generated by org.testng.reporters.JUnitReportReporter -->
<testsuite hostname="DESKTOP-89C6F2A" failures="0" tests="1" name="testclass.AmazonFlipkartScenario" time="27.020" errors="0" timestamp="03 Jan 2024 03:01:12 GMT" skipped="0">
  <testcase classname="testclass.AmazonFlipkartScenario" name="selectphoneamazon" time="27.020"/>
</testsuite> <!-- testclass.AmazonFlipkartScenario -->
