<?xml version="1.0" encoding="UTF-8"?>
<!-- Generated by org.testng.reporters.JUnitReportReporter -->
<testsuite hostname="DESKTOP-89C6F2A" failures="0" tests="1" name="testclass.ElementsTest" time="10.847" errors="0" timestamp="16 Dec 2023 01:35:08 GMT" skipped="0">
  <testcase classname="testclass.ElementsTest" name="clickonElement" time="10.847"/>
</testsuite> <!-- testclass.ElementsTest -->
