<?xml version="1.0" encoding="UTF-8"?>
<!-- Generated by org.testng.reporters.JUnitReportReporter -->
<testsuite hostname="DESKTOP-89C6F2A" failures="0" tests="1" name="testclass.AlertsTest" time="0.507" errors="0" timestamp="22 Dec 2023 01:48:45 GMT" skipped="0">
  <testcase classname="testclass.AlertsTest" name="alertstesting" time="0.507"/>
</testsuite> <!-- testclass.AlertsTest -->
